

Microchip MPLAB XC8 Assembler V2.36 build 20220127204148 
                                                                                               Fri Sep 30 18:44:15 2022

Microchip MPLAB XC8 C Compiler v2.36 (Free license) build 20220127204148 Og1 
     1                           	processor	18F8720
     2                           	fnconf	rparam,??,?,0
     3                           	pagewidth 120
     4                           	opt	flic
     5                           	psect	cinit,global,reloc=2,class=CODE,delta=1
     6                           	psect	cstackCOMRAM,global,class=COMRAM,space=1,delta=1,lowdata,noexec
     7                           	psect	text0,global,reloc=2,class=CODE,delta=1
     8                           	psect	intsave_regs,global,class=BIGRAM,space=1,delta=1,noexec
     9                           	psect	rparam,global,class=COMRAM,space=1,delta=1,noexec
    10                           	psect	idloc,global,abs,ovrld,class=IDLOC,space=5,delta=1,noexec
    11                           	psect	config,global,abs,ovrld,class=CONFIG,space=4,delta=1,noexec
    12  0000                     
    13                           ; Version 2.40
    14                           ; Generated 17/11/2021 GMT
    15                           ; 
    16                           ; Copyright © 2021, Microchip Technology Inc. and its subsidiaries ("Microchip")
    17                           ; All rights reserved.
    18                           ; 
    19                           ; This software is developed by Microchip Technology Inc. and its subsidiaries ("Microch
      +                          ip").
    20                           ; 
    21                           ; Redistribution and use in source and binary forms, with or without modification, are
    22                           ; permitted provided that the following conditions are met:
    23                           ; 
    24                           ;     1. Redistributions of source code must retain the above copyright notice, this lis
      +                          t of
    25                           ;        conditions and the following disclaimer.
    26                           ; 
    27                           ;     2. Redistributions in binary form must reproduce the above copyright notice, this 
      +                          list
    28                           ;        of conditions and the following disclaimer in the documentation and/or other
    29                           ;        materials provided with the distribution. Publication is not required when
    30                           ;        this file is used in an embedded application.
    31                           ; 
    32                           ;     3. Microchip's name may not be used to endorse or promote products derived from th
      +                          is
    33                           ;        software without specific prior written permission.
    34                           ; 
    35                           ; THIS SOFTWARE IS PROVIDED BY MICROCHIP "AS IS" AND ANY EXPRESS OR IMPLIED WARRANTIES,
    36                           ; INCLUDING, BUT NOT LIMITED TO, THE IMPLIED WARRANTIES OF MERCHANTABILITY AND FITNESS F
      +                          OR
    37                           ; PURPOSE ARE DISCLAIMED.  IN NO EVENT SHALL MICROCHIP BE LIABLE FOR ANY DIRECT, INDIREC
      +                          T,
    38                           ; INCIDENTAL, SPECIAL, EXEMPLARY, OR CONSEQUENTIAL DAMAGES (INCLUDING BUT NOT LIMITED TO
    39                           ; PROCUREMENT OF SUBSTITUTE GOODS OR SERVICES; LOSS OF USE, DATA OR PROFITS; OR BUSINESS
    40                           ; INTERRUPTION) HOWSOEVER CAUSED AND ON ANY THEORY OF LIABILITY, WHETHER IN CONTRACT, ST
      +                          RICT
    41                           ; LIABILITY, OR TORT (INCLUDING NEGLIGENCE OR OTHERWISE) ARISING IN ANY WAY OUT OF THE U
      +                          SE OF
    42                           ; THIS SOFTWARE, EVEN IF ADVISED OF THE POSSIBILITY OF SUCH DAMAGE.
    43                           ; 
    44                           ; 
    45                           ; Code-generator required, PIC18F8720 Definitions
    46                           ; 
    47                           ; SFR Addresses
    48  0000                     _PORTD	set	3971
    49  0000                     _TRISD	set	3989
    50                           
    51                           ; #config settings
    52                           
    53                           	psect	cinit
    54  01FF46                     __pcinit:
    55                           	callstack 0
    56  01FF46                     start_initialization:
    57                           	callstack 0
    58  01FF46                     __initialization:
    59                           	callstack 0
    60  01FF46                     end_of_initialization:
    61                           	callstack 0
    62  01FF46                     __end_of__initialization:
    63                           	callstack 0
    64  01FF46  0100               	movlb	0
    65  01FF48  EFA6  F0FF         	goto	_main	;jump to C main() function
    66                           
    67                           	psect	cstackCOMRAM
    68  000001                     __pcstackCOMRAM:
    69                           	callstack 0
    70  000001                     ??_main:
    71  000001                     
    72                           ; 2 bytes @ 0x0
    73  000001                     	ds	2
    74                           
    75 ;;
    76 ;;Main: autosize = 0, tempsize = 2, incstack = 0, save=0
    77 ;;
    78 ;; *************** function _main *****************
    79 ;; Defined at:
    80 ;;		line 79 in file "main.c"
    81 ;; Parameters:    Size  Location     Type
    82 ;;		None
    83 ;; Auto vars:     Size  Location     Type
    84 ;;		None
    85 ;; Return value:  Size  Location     Type
    86 ;;                  2   10[None  ] int 
    87 ;; Registers used:
    88 ;;		wreg, status,2
    89 ;; Tracked objects:
    90 ;;		On entry : 0/0
    91 ;;		On exit  : 0/0
    92 ;;		Unchanged: 0/0
    93 ;; Data sizes:     COMRAM   BANK0   BANK1   BANK2   BANK3   BANK4   BANK5   BANK6   BANK7   BANK8   BANK9  BANK10  BANK1
      +1  BANK12  BANK13  BANK14
    94 ;;      Params:         0       0       0       0       0       0       0       0       0       0       0       0       
      +0       0       0       0
    95 ;;      Locals:         0       0       0       0       0       0       0       0       0       0       0       0       
      +0       0       0       0
    96 ;;      Temps:          2       0       0       0       0       0       0       0       0       0       0       0       
      +0       0       0       0
    97 ;;      Totals:         2       0       0       0       0       0       0       0       0       0       0       0       
      +0       0       0       0
    98 ;;Total ram usage:        2 bytes
    99 ;; This function calls:
   100 ;;		Nothing
   101 ;; This function is called by:
   102 ;;		Startup code after reset
   103 ;; This function uses a non-reentrant model
   104 ;;
   105                           
   106                           	psect	text0
   107  01FF4C                     __ptext0:
   108                           	callstack 0
   109  01FF4C                     _main:
   110                           	callstack 31
   111  01FF4C                     
   112                           ;main.c: 80:     TRISD = 0b00000000;
   113  01FF4C  0E00               	movlw	0
   114  01FF4E  6E95               	movwf	149,c	;volatile
   115  01FF50                     l11:
   116                           
   117                           ;main.c: 82:         PORTD = 0b00000001;
   118  01FF50  0E01               	movlw	1
   119  01FF52  6E83               	movwf	131,c	;volatile
   120  01FF54                     
   121                           ;main.c: 83:         _delay((unsigned long)((500)*(25000000/4000.0)));
   122  01FF54  0E10               	movlw	16
   123  01FF56  6E02               	movwf	(??_main+1)^0,c
   124  01FF58  0EDB               	movlw	219
   125  01FF5A  6E01               	movwf	??_main^0,c
   126  01FF5C  0E64               	movlw	100
   127  01FF5E                     u17:
   128  01FF5E  2EE8               	decfsz	wreg,f,c
   129  01FF60  D7FE               	bra	u17
   130  01FF62  2E01               	decfsz	??_main^0,f,c
   131  01FF64  D7FC               	bra	u17
   132  01FF66  2E02               	decfsz	(??_main+1)^0,f,c
   133  01FF68  D7FA               	bra	u17
   134  01FF6A  D000               	nop2	
   135  01FF6C                     
   136                           ;main.c: 84:         PORTD = 0b00000010;
   137  01FF6C  0E02               	movlw	2
   138  01FF6E  6E83               	movwf	131,c	;volatile
   139                           
   140                           ;main.c: 85:         _delay((unsigned long)((500)*(25000000/4000.0)));
   141  01FF70  0E10               	movlw	16
   142  01FF72  6E02               	movwf	(??_main+1)^0,c
   143  01FF74  0EDB               	movlw	219
   144  01FF76  6E01               	movwf	??_main^0,c
   145  01FF78  0E64               	movlw	100
   146  01FF7A                     u27:
   147  01FF7A  2EE8               	decfsz	wreg,f,c
   148  01FF7C  D7FE               	bra	u27
   149  01FF7E  2E01               	decfsz	??_main^0,f,c
   150  01FF80  D7FC               	bra	u27
   151  01FF82  2E02               	decfsz	(??_main+1)^0,f,c
   152  01FF84  D7FA               	bra	u27
   153  01FF86  D000               	nop2	
   154  01FF88                     
   155                           ;main.c: 86:         PORTD = 0b00000100;
   156  01FF88  0E04               	movlw	4
   157  01FF8A  6E83               	movwf	131,c	;volatile
   158  01FF8C                     
   159                           ;main.c: 87:         _delay((unsigned long)((500)*(25000000/4000.0)));
   160  01FF8C  0E10               	movlw	16
   161  01FF8E  6E02               	movwf	(??_main+1)^0,c
   162  01FF90  0EDB               	movlw	219
   163  01FF92  6E01               	movwf	??_main^0,c
   164  01FF94  0E64               	movlw	100
   165  01FF96                     u37:
   166  01FF96  2EE8               	decfsz	wreg,f,c
   167  01FF98  D7FE               	bra	u37
   168  01FF9A  2E01               	decfsz	??_main^0,f,c
   169  01FF9C  D7FC               	bra	u37
   170  01FF9E  2E02               	decfsz	(??_main+1)^0,f,c
   171  01FFA0  D7FA               	bra	u37
   172  01FFA2  D000               	nop2	
   173                           
   174                           ;main.c: 88:          PORTD = 0b0001000;
   175  01FFA4  0E08               	movlw	8
   176  01FFA6  6E83               	movwf	131,c	;volatile
   177  01FFA8                     
   178                           ;main.c: 89:         _delay((unsigned long)((500)*(25000000/4000.0)));
   179  01FFA8  0E10               	movlw	16
   180  01FFAA  6E02               	movwf	(??_main+1)^0,c
   181  01FFAC  0EDB               	movlw	219
   182  01FFAE  6E01               	movwf	??_main^0,c
   183  01FFB0  0E64               	movlw	100
   184  01FFB2                     u47:
   185  01FFB2  2EE8               	decfsz	wreg,f,c
   186  01FFB4  D7FE               	bra	u47
   187  01FFB6  2E01               	decfsz	??_main^0,f,c
   188  01FFB8  D7FC               	bra	u47
   189  01FFBA  2E02               	decfsz	(??_main+1)^0,f,c
   190  01FFBC  D7FA               	bra	u47
   191  01FFBE  D000               	nop2	
   192  01FFC0                     
   193                           ;main.c: 90:         PORTD = 0b00010000;
   194  01FFC0  0E10               	movlw	16
   195  01FFC2  6E83               	movwf	131,c	;volatile
   196                           
   197                           ;main.c: 91:         _delay((unsigned long)((500)*(25000000/4000.0)));
   198  01FFC4  0E10               	movlw	16
   199  01FFC6  6E02               	movwf	(??_main+1)^0,c
   200  01FFC8  0EDB               	movlw	219
   201  01FFCA  6E01               	movwf	??_main^0,c
   202  01FFCC  0E64               	movlw	100
   203  01FFCE                     u57:
   204  01FFCE  2EE8               	decfsz	wreg,f,c
   205  01FFD0  D7FE               	bra	u57
   206  01FFD2  2E01               	decfsz	??_main^0,f,c
   207  01FFD4  D7FC               	bra	u57
   208  01FFD6  2E02               	decfsz	(??_main+1)^0,f,c
   209  01FFD8  D7FA               	bra	u57
   210  01FFDA  D000               	nop2	
   211  01FFDC                     
   212                           ;main.c: 92:         PORTD = 0b00100000;
   213  01FFDC  0E20               	movlw	32
   214  01FFDE  6E83               	movwf	131,c	;volatile
   215  01FFE0                     
   216                           ;main.c: 93:         _delay((unsigned long)((500)*(25000000/4000.0)));
   217  01FFE0  0E10               	movlw	16
   218  01FFE2  6E02               	movwf	(??_main+1)^0,c
   219  01FFE4  0EDB               	movlw	219
   220  01FFE6  6E01               	movwf	??_main^0,c
   221  01FFE8  0E64               	movlw	100
   222  01FFEA                     u67:
   223  01FFEA  2EE8               	decfsz	wreg,f,c
   224  01FFEC  D7FE               	bra	u67
   225  01FFEE  2E01               	decfsz	??_main^0,f,c
   226  01FFF0  D7FC               	bra	u67
   227  01FFF2  2E02               	decfsz	(??_main+1)^0,f,c
   228  01FFF4  D7FA               	bra	u67
   229  01FFF6  D000               	nop2	
   230  01FFF8  EFA8  F0FF         	goto	l11
   231  01FFFC  EF01  F000         	goto	start
   232  020000                     __end_of_main:
   233                           	callstack 0
   234  0000                     
   235                           	psect	rparam
   236  0000                     
   237                           	psect	idloc
   238                           
   239                           ;Config register IDLOC0 @ 0x200000
   240                           ;	unspecified, using default values
   241  200000                     	org	2097152
   242  200000  FF                 	db	255
   243                           
   244                           ;Config register IDLOC1 @ 0x200001
   245                           ;	unspecified, using default values
   246  200001                     	org	2097153
   247  200001  FF                 	db	255
   248                           
   249                           ;Config register IDLOC2 @ 0x200002
   250                           ;	unspecified, using default values
   251  200002                     	org	2097154
   252  200002  FF                 	db	255
   253                           
   254                           ;Config register IDLOC3 @ 0x200003
   255                           ;	unspecified, using default values
   256  200003                     	org	2097155
   257  200003  FF                 	db	255
   258                           
   259                           ;Config register IDLOC4 @ 0x200004
   260                           ;	unspecified, using default values
   261  200004                     	org	2097156
   262  200004  FF                 	db	255
   263                           
   264                           ;Config register IDLOC5 @ 0x200005
   265                           ;	unspecified, using default values
   266  200005                     	org	2097157
   267  200005  FF                 	db	255
   268                           
   269                           ;Config register IDLOC6 @ 0x200006
   270                           ;	unspecified, using default values
   271  200006                     	org	2097158
   272  200006  FF                 	db	255
   273                           
   274                           ;Config register IDLOC7 @ 0x200007
   275                           ;	unspecified, using default values
   276  200007                     	org	2097159
   277  200007  FF                 	db	255
   278                           
   279                           	psect	config
   280                           
   281                           ; Padding undefined space
   282  300000                     	org	3145728
   283  300000  FF                 	db	255
   284                           
   285                           ;Config register CONFIG1H @ 0x300001
   286                           ;	Oscillator Selection bits
   287                           ;	OSC = HS, HS oscillator
   288                           ;	Oscillator System Clock Switch Enable bit
   289                           ;	OSCS = OFF, Oscillator system clock switch option is disabled (main oscillator is sour
      +                          ce)
   290  300001                     	org	3145729
   291  300001  22                 	db	34
   292                           
   293                           ;Config register CONFIG2L @ 0x300002
   294                           ;	Power-up Timer Enable bit
   295                           ;	PWRT = OFF, PWRT disabled
   296                           ;	Brown-out Reset Enable bit
   297                           ;	BOR = OFF, Brown-out Reset disabled
   298                           ;	Brown-out Reset Voltage bits
   299                           ;	BORV = 25, VBOR set to 2.5V
   300  300002                     	org	3145730
   301  300002  0D                 	db	13
   302                           
   303                           ;Config register CONFIG2H @ 0x300003
   304                           ;	Watchdog Timer Enable bit
   305                           ;	WDT = OFF, WDT disabled (control is placed on the SWDTEN bit)
   306                           ;	Watchdog Timer Postscale Select bits
   307                           ;	WDTPS = 128, 1:128
   308  300003                     	org	3145731
   309  300003  0E                 	db	14
   310                           
   311                           ;Config register CONFIG3L @ 0x300004
   312                           ;	Processor Mode Select bits
   313                           ;	MODE = MC, Microcontroller mode
   314                           ;	External Bus Data Wait Enable bit
   315                           ;	WAIT = OFF, Wait selections unavailable for table reads and table writes
   316  300004                     	org	3145732
   317  300004  83                 	db	131
   318                           
   319                           ;Config register CONFIG3H @ 0x300005
   320                           ;	CCP2 Mux bit
   321                           ;	CCP2MUX = OFF, CCP2 is multiplexed with RB3 in Extended Microcontroller, Microprocesso
      +                          r or Microprocessor with Boot Block mode. Or with RE7 in Microcontroller mode.
   322  300005                     	org	3145733
   323  300005  02                 	db	2
   324                           
   325                           ;Config register CONFIG4L @ 0x300006
   326                           ;	Stack Full/Underflow Reset Enable bit
   327                           ;	STVR = OFF, Stack full/underflow will not cause Reset
   328                           ;	Low-Voltage ICSP Enable bit
   329                           ;	LVP = OFF, Low-voltage ICSP disabled
   330                           ;	Background Debugger Enable bit
   331                           ;	DEBUG = 0x1, unprogrammed default
   332  300006                     	org	3145734
   333  300006  80                 	db	128
   334                           
   335                           ; Padding undefined space
   336  300007                     	org	3145735
   337  300007  FF                 	db	255
   338                           
   339                           ;Config register CONFIG5L @ 0x300008
   340                           ;	Code Protection bit
   341                           ;	CP0 = OFF, Block 0 (000200-003FFFh) not code-protected
   342                           ;	Code Protection bit
   343                           ;	CP1 = OFF, Block 1 (004000-007FFFh) not code-protected
   344                           ;	Code Protection bit
   345                           ;	CP2 = OFF, Block 2 (008000-00BFFFh) not code-protected
   346                           ;	Code Protection bit
   347                           ;	CP3 = OFF, Block 3 (00C000-00FFFFh) not code-protected
   348                           ;	Code Protection bit
   349                           ;	CP4 = OFF, Block 4 (010000-013FFFh) not code-protected
   350                           ;	Code Protection bit
   351                           ;	CP5 = OFF, Block 5 (014000-017FFFh) not code-protected
   352                           ;	Code Protection bit
   353                           ;	CP6 = OFF, Block 6 (018000-01BFFFh) not code-protected
   354                           ;	Code Protection bit
   355                           ;	CP7 = OFF, Block 7 (01C000-01FFFFh) not code-protected
   356  300008                     	org	3145736
   357  300008  FF                 	db	255
   358                           
   359                           ;Config register CONFIG5H @ 0x300009
   360                           ;	Boot Block Code Protection bit
   361                           ;	CPB = OFF, Boot Block (000000-0001FFh) not code-protected
   362                           ;	Data EEPROM Code Protection bit
   363                           ;	CPD = OFF, Data EEPROM not code-protected
   364  300009                     	org	3145737
   365  300009  C0                 	db	192
   366                           
   367                           ;Config register CONFIG6L @ 0x30000A
   368                           ;	Write Protection bit
   369                           ;	WRT0 = OFF, Block 0 (000200-003FFFh) not write-protected
   370                           ;	Write Protection bit
   371                           ;	WRT1 = OFF, Block 1 (004000-007FFFh) not write-protected
   372                           ;	Write Protection bit
   373                           ;	WRT2 = OFF, Block 2 (008000-00BFFFh) not write-protected
   374                           ;	Write Protection bit
   375                           ;	WRT3 = OFF, Block 3 (00C000-00FFFFh) not write-protected
   376                           ;	Write Protection bit
   377                           ;	WRT4 = OFF, Block 4 (010000-013FFFh) not write-protected
   378                           ;	Write Protection bit
   379                           ;	WRT5 = OFF, Block 5 (014000-017FFFh) not write-protected
   380                           ;	Write Protection bit
   381                           ;	WRT6 = OFF, Block 6 (018000-01BFFFh) not write-protected
   382                           ;	Write Protection bit
   383                           ;	WRT7 = OFF, Block 7 (01C000-01FFFFh) not write-protected
   384  30000A                     	org	3145738
   385  30000A  FF                 	db	255
   386                           
   387                           ;Config register CONFIG6H @ 0x30000B
   388                           ;	Configuration Register Write Protection bit
   389                           ;	WRTC = OFF, Configuration registers (300000-3000FFh) not write-protected
   390                           ;	Boot Block Write Protection bit
   391                           ;	WRTB = OFF, Boot Block (000000-0001FFh) not write-protected
   392                           ;	Data EEPROM Write Protection bit
   393                           ;	WRTD = OFF, Data EEPROM not write-protected
   394  30000B                     	org	3145739
   395  30000B  E0                 	db	224
   396                           
   397                           ;Config register CONFIG7L @ 0x30000C
   398                           ;	Table Read Protection bit
   399                           ;	EBTR0 = OFF, Block 0 (000200-003FFFh) not protected from table reads executed in other
      +                           blocks
   400                           ;	Table Read Protection bit
   401                           ;	EBTR1 = OFF, Block 1 (004000-007FFFh) not protected from table reads executed in other
      +                           blocks
   402                           ;	Table Read Protection bit
   403                           ;	EBTR2 = OFF, Block 2 (008000-00BFFFh) not protected from table reads executed in other
      +                           blocks
   404                           ;	Table Read Protection bit
   405                           ;	EBTR3 = OFF, Block 3 (00C000-00FFFFh) not protected from table reads executed in other
      +                           blocks
   406                           ;	Table Read Protection bit
   407                           ;	EBTR4 = OFF, Block 4 (010000-013FFFh) not protected from table reads executed in other
      +                           blocks
   408                           ;	Table Read Protection bit
   409                           ;	EBTR5 = OFF, Block 5 (014000-017FFFh) not protected from table reads executed in other
      +                           blocks
   410                           ;	Table Read Protection bit
   411                           ;	EBTR6 = OFF, Block 6 (018000-01BFFFh) not protected from table reads executed in other
      +                           blocks
   412                           ;	Table Read Protection bit
   413                           ;	EBTR7 = OFF, Block 7 (01C000-01FFFFh) not protected from table reads executed in other
      +                           blocks
   414  30000C                     	org	3145740
   415  30000C  FF                 	db	255
   416                           
   417                           ;Config register CONFIG7H @ 0x30000D
   418                           ;	Boot Block Table Read Protection bit
   419                           ;	EBTRB = OFF, Boot Block (000000-0001FFh) not protected from table reads executed in ot
      +                          her blocks
   420  30000D                     	org	3145741
   421  30000D  40                 	db	64
   422                           tosu	equ	0xFFF
   423                           tosh	equ	0xFFE
   424                           tosl	equ	0xFFD
   425                           stkptr	equ	0xFFC
   426                           pclatu	equ	0xFFB
   427                           pclath	equ	0xFFA
   428                           pcl	equ	0xFF9
   429                           tblptru	equ	0xFF8
   430                           tblptrh	equ	0xFF7
   431                           tblptrl	equ	0xFF6
   432                           tablat	equ	0xFF5
   433                           prodh	equ	0xFF4
   434                           prodl	equ	0xFF3
   435                           indf0	equ	0xFEF
   436                           postinc0	equ	0xFEE
   437                           postdec0	equ	0xFED
   438                           preinc0	equ	0xFEC
   439                           plusw0	equ	0xFEB
   440                           fsr0h	equ	0xFEA
   441                           fsr0l	equ	0xFE9
   442                           wreg	equ	0xFE8
   443                           indf1	equ	0xFE7
   444                           postinc1	equ	0xFE6
   445                           postdec1	equ	0xFE5
   446                           preinc1	equ	0xFE4
   447                           plusw1	equ	0xFE3
   448                           fsr1h	equ	0xFE2
   449                           fsr1l	equ	0xFE1
   450                           bsr	equ	0xFE0
   451                           indf2	equ	0xFDF
   452                           postinc2	equ	0xFDE
   453                           postdec2	equ	0xFDD
   454                           preinc2	equ	0xFDC
   455                           plusw2	equ	0xFDB
   456                           fsr2h	equ	0xFDA
   457                           fsr2l	equ	0xFD9
   458                           status	equ	0xFD8

Data Sizes:
    Strings     0
    Constant    0
    Data        0
    BSS         0
    Persistent  0
    Stack       0

Auto Spaces:
    Space          Size  Autos    Used
    COMRAM           95      2       2
    BANK0           160      0       0
    BANK1           256      0       0
    BANK2           256      0       0
    BANK3           256      0       0
    BANK4           256      0       0
    BANK5           256      0       0
    BANK6           256      0       0
    BANK7           256      0       0
    BANK8           256      0       0
    BANK9           256      0       0
    BANK10          256      0       0
    BANK11          256      0       0
    BANK12          256      0       0
    BANK13          256      0       0
    BANK14          256      0       0

Pointer List with Targets:

    None.

Critical Paths under _main in COMRAM

    None.

Critical Paths under _main in BANK0

    None.

Critical Paths under _main in BANK1

    None.

Critical Paths under _main in BANK2

    None.

Critical Paths under _main in BANK3

    None.

Critical Paths under _main in BANK4

    None.

Critical Paths under _main in BANK5

    None.

Critical Paths under _main in BANK6

    None.

Critical Paths under _main in BANK7

    None.

Critical Paths under _main in BANK8

    None.

Critical Paths under _main in BANK9

    None.

Critical Paths under _main in BANK10

    None.

Critical Paths under _main in BANK11

    None.

Critical Paths under _main in BANK12

    None.

Critical Paths under _main in BANK13

    None.

Critical Paths under _main in BANK14

    None.

Call Graph Tables:

 ---------------------------------------------------------------------------------
 (Depth) Function   	        Calls       Base Space   Used Autos Params    Refs
 ---------------------------------------------------------------------------------
 (0) _main                                                 2     2      0       0
                                              0 COMRAM     2     2      0
 ---------------------------------------------------------------------------------
 Estimated maximum stack depth 0
 ---------------------------------------------------------------------------------

 Call Graph Graphs:

 _main (ROOT)

 Address spaces:
Name               Size   Autos  Total    Cost      Usage
BITCOMRAM           5F      0       0       0        0.0%
EEDATA             400      0       0       0        0.0%
NULL                 0      0       0       0        0.0%
CODE                 0      0       0       0        0.0%
COMRAM              5F      2       2       1        2.1%
STACK                0      0       0       2        0.0%
DATA                 0      0       0       3        0.0%
BITBANK0            A0      0       0       4        0.0%
BANK0               A0      0       0       5        0.0%
BITBANK1           100      0       0       6        0.0%
BANK1              100      0       0       7        0.0%
BITBANK2           100      0       0       8        0.0%
BANK2              100      0       0       9        0.0%
BITBANK3           100      0       0      10        0.0%
BANK3              100      0       0      11        0.0%
BITBANK4           100      0       0      12        0.0%
BANK4              100      0       0      13        0.0%
BITBANK5           100      0       0      14        0.0%
BANK5              100      0       0      15        0.0%
BITBANK6           100      0       0      16        0.0%
BANK6              100      0       0      17        0.0%
BITBANK7           100      0       0      18        0.0%
BANK7              100      0       0      19        0.0%
BITBANK8           100      0       0      20        0.0%
BANK8              100      0       0      21        0.0%
BITBANK9           100      0       0      22        0.0%
BANK9              100      0       0      23        0.0%
BITBANK10          100      0       0      24        0.0%
BANK10             100      0       0      25        0.0%
BITBANK11          100      0       0      26        0.0%
BANK11             100      0       0      27        0.0%
BITBANK12          100      0       0      28        0.0%
BANK12             100      0       0      29        0.0%
BITBANK13          100      0       0      30        0.0%
BANK13             100      0       0      31        0.0%
BITBANK14          100      0       0      32        0.0%
BANK14             100      0       0      33        0.0%
BITBIGSFRh          6A      0       0      34        0.0%
BITBIGSFRlh         11      0       0      35        0.0%
BITBIGSFRll         23      0       0      36        0.0%
ABS                  0      0       0      37        0.0%
BIGRAM             EFF      0       0      38        0.0%
BIGSFR               0      0       0     200        0.0%
BITSFR               0      0       0     200        0.0%
SFR                  0      0       0     200        0.0%


Microchip Technology PIC18 Macro Assembler V2.36 build 20220127204148 
Symbol Table                                                                                   Fri Sep 30 18:44:15 2022

                     l11 FF50                       u17 FF5E                       u27 FF7A  
                     u37 FF96                       u47 FFB2                       u57 FFCE  
                     u67 FFEA                      l700 FFA8                      l702 FFC0  
                    l704 FFDC                      l706 FFE0                      l690 FF4C  
                    l692 FF54                      l694 FF6C                      l696 FF88  
                    l698 FF8C                      wreg 000FE8                     _main FF4C  
                   start 0002             ___param_bank 000000                    ?_main 0001  
                  _PORTD 000F83                    _TRISD 000F95          __initialization FF46  
           __end_of_main 0000                   ??_main 0001            __activetblptr 000000  
                 isa$std 000001               __accesstop 0060  __end_of__initialization FF46  
          ___rparam_used 000001           __pcstackCOMRAM 0001                  __Hparam 0000  
                __Lparam 0000                  __pcinit FF46                  __ramtop 0F00  
                __ptext0 FF4C     end_of_initialization FF46      start_initialization FF46  
               __Hrparam 0000                 __Lrparam 0000                 isa$xinst 000000  
